2024-07-15 20:26:31,623 - JaneAustenLogger - INFO - Data validation successful.
2024-07-15 20:26:37,179 - JaneAustenLogger - INFO - Tokenizer saved to ../artefacts/austen_classifier_model_v2
2024-07-15 20:26:37,179 - JaneAustenLogger - INFO - Datasets and data loaders prepared successfully.
2024-07-15 20:26:38,990 - JaneAustenLogger - INFO - Beginning training and validation process.
2024-07-15 20:26:38,991 - JaneAustenLogger - INFO - Total Epochs: 3
2024-07-15 20:26:38,992 - JaneAustenLogger - INFO - Training rows: 12
2024-07-15 20:26:38,992 - JaneAustenLogger - INFO - Validation rows: 12
2024-07-15 20:26:44,963 - JaneAustenLogger - INFO - Epoch 1/3 completed.
2024-07-15 20:26:46,076 - JaneAustenLogger - INFO - Validation Accuracy: 0.5833
2024-07-15 20:26:51,137 - JaneAustenLogger - INFO - Epoch 2/3 completed.
2024-07-15 20:26:52,110 - JaneAustenLogger - INFO - Validation Accuracy: 0.5833
2024-07-15 20:26:56,886 - JaneAustenLogger - INFO - Epoch 3/3 completed.
2024-07-15 20:26:58,194 - JaneAustenLogger - INFO - Validation Accuracy: 0.5833
2024-07-15 20:26:58,365 - JaneAustenLogger - INFO - Model saved to ../artefacts/austen_classifier_model_v2
2024-07-15 20:26:58,391 - JaneAustenLogger - INFO - Evaluation rows: 1237
2024-07-15 20:28:43,416 - JaneAustenLogger - INFO - Test Set Evaluation
2024-07-15 20:28:43,438 - JaneAustenLogger - INFO - 
              precision    recall  f1-score   support

           0       0.61      1.00      0.76       759
           1       0.00      0.00      0.00       478

    accuracy                           0.61      1237
   macro avg       0.31      0.50      0.38      1237
weighted avg       0.38      0.61      0.47      1237

2024-07-15 20:29:03,307 - JaneAustenLogger - INFO - Data validation successful.
2024-07-15 20:29:18,775 - JaneAustenLogger - INFO - Tokenizer saved to ../artefacts/austen_classifier_model_v2
2024-07-15 20:29:18,776 - JaneAustenLogger - INFO - Datasets and data loaders prepared successfully.
2024-07-15 20:29:19,591 - JaneAustenLogger - INFO - Beginning training and validation process.
2024-07-15 20:29:19,591 - JaneAustenLogger - INFO - Total Epochs: 3
2024-07-15 20:29:19,591 - JaneAustenLogger - INFO - Training rows: 3783
2024-07-15 20:29:19,592 - JaneAustenLogger - INFO - Validation rows: 3783
2024-07-15 20:57:39,029 - JaneAustenLogger - INFO - Epoch 1/3 completed.
2024-07-15 21:50:31,641 - JaneAustenLogger - INFO - Validation Accuracy: 0.9844
2024-07-15 23:05:36,426 - JaneAustenLogger - INFO - Epoch 2/3 completed.
2024-07-15 23:10:42,008 - JaneAustenLogger - INFO - Validation Accuracy: 0.9833
2024-07-16 02:36:06,754 - JaneAustenLogger - INFO - Epoch 3/3 completed.
2024-07-16 02:58:22,318 - JaneAustenLogger - INFO - Validation Accuracy: 0.9849
2024-07-16 02:58:22,559 - JaneAustenLogger - INFO - Model saved to ../artefacts/austen_classifier_model_v2
2024-07-16 02:58:22,589 - JaneAustenLogger - INFO - Evaluation rows: 5044
2024-07-16 03:26:36,262 - JaneAustenLogger - INFO - Test Set Evaluation
2024-07-16 03:26:36,276 - JaneAustenLogger - INFO - 
              precision    recall  f1-score   support

           0       0.99      0.98      0.99      3192
           1       0.97      0.99      0.98      1852

    accuracy                           0.98      5044
   macro avg       0.98      0.98      0.98      5044
weighted avg       0.98      0.98      0.98      5044

